mode: set
github.com/moniesto/moniesto-be/token/jwt_maker.go:19.51,20.39 1 1
github.com/moniesto/moniesto-be/token/jwt_maker.go:24.2,24.34 1 1
github.com/moniesto/moniesto-be/token/jwt_maker.go:20.39,22.3 1 0
github.com/moniesto/moniesto-be/token/jwt_maker.go:28.106,30.16 2 1
github.com/moniesto/moniesto-be/token/jwt_maker.go:34.2,36.55 2 1
github.com/moniesto/moniesto-be/token/jwt_maker.go:30.16,32.3 1 0
github.com/moniesto/moniesto-be/token/jwt_maker.go:40.68,42.57 1 1
github.com/moniesto/moniesto-be/token/jwt_maker.go:50.2,51.16 2 1
github.com/moniesto/moniesto-be/token/jwt_maker.go:61.2,62.9 2 1
github.com/moniesto/moniesto-be/token/jwt_maker.go:66.2,66.21 1 1
github.com/moniesto/moniesto-be/token/jwt_maker.go:42.57,44.10 2 1
github.com/moniesto/moniesto-be/token/jwt_maker.go:47.3,47.38 1 1
github.com/moniesto/moniesto-be/token/jwt_maker.go:44.10,46.4 1 1
github.com/moniesto/moniesto-be/token/jwt_maker.go:51.16,54.51 2 1
github.com/moniesto/moniesto-be/token/jwt_maker.go:58.3,58.30 1 1
github.com/moniesto/moniesto-be/token/jwt_maker.go:54.51,56.4 1 1
github.com/moniesto/moniesto-be/token/jwt_maker.go:62.9,64.3 1 0
github.com/moniesto/moniesto-be/token/payload.go:34.88,37.16 2 1
github.com/moniesto/moniesto-be/token/payload.go:41.2,51.21 2 1
github.com/moniesto/moniesto-be/token/payload.go:37.16,39.3 1 0
github.com/moniesto/moniesto-be/token/payload.go:55.39,56.41 1 1
github.com/moniesto/moniesto-be/token/payload.go:60.2,60.12 1 1
github.com/moniesto/moniesto-be/token/payload.go:56.41,58.3 1 1
github.com/moniesto/moniesto-be/service/account.go:19.126,21.16 2 0
github.com/moniesto/moniesto-be/service/account.go:25.2,26.16 2 0
github.com/moniesto/moniesto-be/service/account.go:30.2,31.16 2 0
github.com/moniesto/moniesto-be/service/account.go:36.2,37.16 2 0
github.com/moniesto/moniesto-be/service/account.go:41.2,41.17 1 0
github.com/moniesto/moniesto-be/service/account.go:46.2,47.16 2 0
github.com/moniesto/moniesto-be/service/account.go:51.2,51.20 1 0
github.com/moniesto/moniesto-be/service/account.go:56.2,57.16 2 0
github.com/moniesto/moniesto-be/service/account.go:61.2,71.16 3 0
github.com/moniesto/moniesto-be/service/account.go:76.2,76.8 1 0
github.com/moniesto/moniesto-be/service/account.go:21.16,23.3 1 0
github.com/moniesto/moniesto-be/service/account.go:26.16,28.3 1 0
github.com/moniesto/moniesto-be/service/account.go:31.16,33.3 1 0
github.com/moniesto/moniesto-be/service/account.go:37.16,40.3 2 0
github.com/moniesto/moniesto-be/service/account.go:41.17,43.3 1 0
github.com/moniesto/moniesto-be/service/account.go:47.16,50.3 2 0
github.com/moniesto/moniesto-be/service/account.go:51.20,53.3 1 0
github.com/moniesto/moniesto-be/service/account.go:57.16,59.3 1 0
github.com/moniesto/moniesto-be/service/account.go:71.16,74.3 2 0
github.com/moniesto/moniesto-be/service/account.go:80.131,85.16 3 0
github.com/moniesto/moniesto-be/service/account.go:94.2,97.23 2 0
github.com/moniesto/moniesto-be/service/account.go:130.2,131.16 2 0
github.com/moniesto/moniesto-be/service/account.go:136.2,138.25 2 0
github.com/moniesto/moniesto-be/service/account.go:85.16,88.17 2 0
github.com/moniesto/moniesto-be/service/account.go:91.3,91.28 1 0
github.com/moniesto/moniesto-be/service/account.go:88.17,90.4 1 0
github.com/moniesto/moniesto-be/service/account.go:97.23,100.17 2 0
github.com/moniesto/moniesto-be/service/account.go:100.17,102.28 1 0
github.com/moniesto/moniesto-be/service/account.go:107.4,108.136 2 0
github.com/moniesto/moniesto-be/service/account.go:102.28,105.5 2 0
github.com/moniesto/moniesto-be/service/account.go:111.8,114.17 2 0
github.com/moniesto/moniesto-be/service/account.go:126.3,126.39 1 0
github.com/moniesto/moniesto-be/service/account.go:114.17,116.28 1 0
github.com/moniesto/moniesto-be/service/account.go:121.4,122.139 2 0
github.com/moniesto/moniesto-be/service/account.go:116.28,119.5 2 0
github.com/moniesto/moniesto-be/service/account.go:131.16,134.3 2 0
github.com/moniesto/moniesto-be/service/account.go:142.76,145.16 2 0
github.com/moniesto/moniesto-be/service/account.go:145.16,147.3 1 0
github.com/moniesto/moniesto-be/service/account.go:151.88,153.16 2 0
github.com/moniesto/moniesto-be/service/account.go:157.2,158.16 2 0
github.com/moniesto/moniesto-be/service/account.go:162.2,162.20 1 0
github.com/moniesto/moniesto-be/service/account.go:166.2,166.18 1 0
github.com/moniesto/moniesto-be/service/account.go:153.16,155.3 1 0
github.com/moniesto/moniesto-be/service/account.go:158.16,161.3 2 0
github.com/moniesto/moniesto-be/service/account.go:162.20,164.3 1 0
github.com/moniesto/moniesto-be/service/password.go:13.95,16.16 2 0
github.com/moniesto/moniesto-be/service/password.go:22.2,23.16 2 0
github.com/moniesto/moniesto-be/service/password.go:28.2,28.8 1 0
github.com/moniesto/moniesto-be/service/password.go:16.16,19.3 2 0
github.com/moniesto/moniesto-be/service/password.go:23.16,26.3 2 0
github.com/moniesto/moniesto-be/service/password.go:31.96,34.16 2 0
github.com/moniesto/moniesto-be/service/password.go:38.2,45.16 3 0
github.com/moniesto/moniesto-be/service/password.go:50.2,50.8 1 0
github.com/moniesto/moniesto-be/service/password.go:34.16,36.3 1 0
github.com/moniesto/moniesto-be/service/password.go:45.16,48.3 2 0
github.com/moniesto/moniesto-be/service/service.go:10.52,16.2 2 0
github.com/moniesto/moniesto-be/util/password.go:10.52,13.16 2 1
github.com/moniesto/moniesto-be/util/password.go:17.2,17.36 1 1
github.com/moniesto/moniesto-be/util/password.go:13.16,15.3 1 0
github.com/moniesto/moniesto-be/util/password.go:21.58,23.2 1 1
github.com/moniesto/moniesto-be/util/random.go:11.13,13.2 1 1
github.com/moniesto/moniesto-be/util/random.go:16.33,20.25 3 1
github.com/moniesto/moniesto-be/util/random.go:25.2,25.20 1 1
github.com/moniesto/moniesto-be/util/random.go:20.25,23.3 2 1
github.com/moniesto/moniesto-be/util/random.go:28.27,30.2 1 0
github.com/moniesto/moniesto-be/util/random.go:32.30,34.2 1 0
github.com/moniesto/moniesto-be/util/random.go:36.30,38.2 1 0
github.com/moniesto/moniesto-be/util/random.go:40.26,42.2 1 0
github.com/moniesto/moniesto-be/util/random.go:44.29,46.2 1 0
github.com/moniesto/moniesto-be/db/sqlc/post_crypto.sql.go:65.93,100.2 4 0
github.com/moniesto/moniesto-be/db/sqlc/post_crypto.sql.go:110.82,132.2 4 0
github.com/moniesto/moniesto-be/db/sqlc/post_crypto.sql.go:166.121,168.16 2 0
github.com/moniesto/moniesto-be/db/sqlc/post_crypto.sql.go:171.2,173.18 3 0
github.com/moniesto/moniesto-be/db/sqlc/post_crypto.sql.go:198.2,198.37 1 0
github.com/moniesto/moniesto-be/db/sqlc/post_crypto.sql.go:201.2,201.35 1 0
github.com/moniesto/moniesto-be/db/sqlc/post_crypto.sql.go:204.2,204.19 1 0
github.com/moniesto/moniesto-be/db/sqlc/post_crypto.sql.go:168.16,170.3 1 0
github.com/moniesto/moniesto-be/db/sqlc/post_crypto.sql.go:173.18,193.17 2 0
github.com/moniesto/moniesto-be/db/sqlc/post_crypto.sql.go:196.3,196.27 1 0
github.com/moniesto/moniesto-be/db/sqlc/post_crypto.sql.go:193.17,195.4 1 0
github.com/moniesto/moniesto-be/db/sqlc/post_crypto.sql.go:198.37,200.3 1 0
github.com/moniesto/moniesto-be/db/sqlc/post_crypto.sql.go:201.35,203.3 1 0
github.com/moniesto/moniesto-be/db/sqlc/post_crypto.sql.go:236.115,238.16 2 0
github.com/moniesto/moniesto-be/db/sqlc/post_crypto.sql.go:241.2,243.18 3 0
github.com/moniesto/moniesto-be/db/sqlc/post_crypto.sql.go:268.2,268.37 1 0
github.com/moniesto/moniesto-be/db/sqlc/post_crypto.sql.go:271.2,271.35 1 0
github.com/moniesto/moniesto-be/db/sqlc/post_crypto.sql.go:274.2,274.19 1 0
github.com/moniesto/moniesto-be/db/sqlc/post_crypto.sql.go:238.16,240.3 1 0
github.com/moniesto/moniesto-be/db/sqlc/post_crypto.sql.go:243.18,263.17 2 0
github.com/moniesto/moniesto-be/db/sqlc/post_crypto.sql.go:266.3,266.27 1 0
github.com/moniesto/moniesto-be/db/sqlc/post_crypto.sql.go:263.17,265.4 1 0
github.com/moniesto/moniesto-be/db/sqlc/post_crypto.sql.go:268.37,270.3 1 0
github.com/moniesto/moniesto-be/db/sqlc/post_crypto.sql.go:271.35,273.3 1 0
github.com/moniesto/moniesto-be/db/sqlc/post_crypto.sql.go:306.125,308.16 2 0
github.com/moniesto/moniesto-be/db/sqlc/post_crypto.sql.go:311.2,313.18 3 0
github.com/moniesto/moniesto-be/db/sqlc/post_crypto.sql.go:338.2,338.37 1 0
github.com/moniesto/moniesto-be/db/sqlc/post_crypto.sql.go:341.2,341.35 1 0
github.com/moniesto/moniesto-be/db/sqlc/post_crypto.sql.go:344.2,344.19 1 0
github.com/moniesto/moniesto-be/db/sqlc/post_crypto.sql.go:308.16,310.3 1 0
github.com/moniesto/moniesto-be/db/sqlc/post_crypto.sql.go:313.18,333.17 2 0
github.com/moniesto/moniesto-be/db/sqlc/post_crypto.sql.go:336.3,336.27 1 0
github.com/moniesto/moniesto-be/db/sqlc/post_crypto.sql.go:333.17,335.4 1 0
github.com/moniesto/moniesto-be/db/sqlc/post_crypto.sql.go:338.37,340.3 1 0
github.com/moniesto/moniesto-be/db/sqlc/post_crypto.sql.go:341.35,343.3 1 0
github.com/moniesto/moniesto-be/db/sqlc/login.sql.go:95.100,119.2 4 0
github.com/moniesto/moniesto-be/db/sqlc/login.sql.go:202.109,226.2 4 0
github.com/moniesto/moniesto-be/db/sqlc/login.sql.go:236.82,255.2 4 0
github.com/moniesto/moniesto-be/db/sqlc/models.go:21.53,22.25 1 0
github.com/moniesto/moniesto-be/db/sqlc/models.go:30.2,30.12 1 0
github.com/moniesto/moniesto-be/db/sqlc/models.go:23.14,24.24 1 0
github.com/moniesto/moniesto-be/db/sqlc/models.go:25.14,26.24 1 0
github.com/moniesto/moniesto-be/db/sqlc/models.go:27.10,28.72 1 0
github.com/moniesto/moniesto-be/db/sqlc/models.go:39.60,40.18 1 0
github.com/moniesto/moniesto-be/db/sqlc/models.go:44.2,45.37 2 0
github.com/moniesto/moniesto-be/db/sqlc/models.go:40.18,43.3 2 0
github.com/moniesto/moniesto-be/db/sqlc/models.go:49.59,50.15 1 0
github.com/moniesto/moniesto-be/db/sqlc/models.go:53.2,53.30 1 0
github.com/moniesto/moniesto-be/db/sqlc/models.go:50.15,52.3 1 0
github.com/moniesto/moniesto-be/db/sqlc/models.go:63.49,64.25 1 0
github.com/moniesto/moniesto-be/db/sqlc/models.go:72.2,72.12 1 0
github.com/moniesto/moniesto-be/db/sqlc/models.go:65.14,66.20 1 0
github.com/moniesto/moniesto-be/db/sqlc/models.go:67.14,68.20 1 0
github.com/moniesto/moniesto-be/db/sqlc/models.go:69.10,70.68 1 0
github.com/moniesto/moniesto-be/db/sqlc/models.go:81.56,82.18 1 0
github.com/moniesto/moniesto-be/db/sqlc/models.go:86.2,87.33 2 0
github.com/moniesto/moniesto-be/db/sqlc/models.go:82.18,85.3 2 0
github.com/moniesto/moniesto-be/db/sqlc/models.go:91.55,92.15 1 0
github.com/moniesto/moniesto-be/db/sqlc/models.go:95.2,95.26 1 0
github.com/moniesto/moniesto-be/db/sqlc/models.go:92.15,94.3 1 0
github.com/moniesto/moniesto-be/db/sqlc/moniest.sql.go:33.96,52.2 4 0
github.com/moniesto/moniesto-be/db/sqlc/moniest.sql.go:62.82,76.2 4 0
github.com/moniesto/moniesto-be/db/sqlc/moniest.sql.go:157.102,180.2 4 0
github.com/moniesto/moniesto-be/db/sqlc/moniest.sql.go:261.107,284.2 4 0
github.com/moniesto/moniesto-be/db/sqlc/moniest.sql.go:361.105,384.2 4 0
github.com/moniesto/moniesto-be/db/sqlc/moniest.sql.go:465.111,488.2 4 0
github.com/moniesto/moniesto-be/db/sqlc/moniest.sql.go:503.102,517.2 4 0
github.com/moniesto/moniesto-be/db/sqlc/moniest.sql.go:532.118,546.2 4 0
github.com/moniesto/moniesto-be/db/sqlc/post_crypto_description.sql.go:32.120,43.2 4 0
github.com/moniesto/moniesto-be/db/sqlc/post_crypto_description.sql.go:58.118,69.2 4 0
github.com/moniesto/moniesto-be/db/sqlc/store.go:14.34,19.2 1 0
github.com/moniesto/moniesto-be/db/sqlc/subscription_info.sql.go:33.123,51.2 4 0
github.com/moniesto/moniesto-be/db/sqlc/subscription_info.sql.go:61.107,74.2 4 0
github.com/moniesto/moniesto-be/db/sqlc/subscription_info.sql.go:90.132,95.2 4 0
github.com/moniesto/moniesto-be/db/sqlc/subscription_info.sql.go:110.97,123.2 4 0
github.com/moniesto/moniesto-be/db/sqlc/subscription_info.sql.go:138.105,151.2 4 0
github.com/moniesto/moniesto-be/db/sqlc/user.sql.go:20.79,25.2 4 0
github.com/moniesto/moniesto-be/db/sqlc/user.sql.go:33.85,38.2 4 0
github.com/moniesto/moniesto-be/db/sqlc/user.sql.go:64.87,90.2 4 0
github.com/moniesto/moniesto-be/db/sqlc/user.sql.go:100.76,119.2 4 0
github.com/moniesto/moniesto-be/db/sqlc/user.sql.go:128.87,130.16 2 0
github.com/moniesto/moniesto-be/db/sqlc/user.sql.go:133.2,135.18 3 0
github.com/moniesto/moniesto-be/db/sqlc/user.sql.go:142.2,142.37 1 0
github.com/moniesto/moniesto-be/db/sqlc/user.sql.go:145.2,145.35 1 0
github.com/moniesto/moniesto-be/db/sqlc/user.sql.go:148.2,148.19 1 0
github.com/moniesto/moniesto-be/db/sqlc/user.sql.go:130.16,132.3 1 0
github.com/moniesto/moniesto-be/db/sqlc/user.sql.go:135.18,137.43 2 0
github.com/moniesto/moniesto-be/db/sqlc/user.sql.go:140.3,140.31 1 0
github.com/moniesto/moniesto-be/db/sqlc/user.sql.go:137.43,139.4 1 0
github.com/moniesto/moniesto-be/db/sqlc/user.sql.go:142.37,144.3 1 0
github.com/moniesto/moniesto-be/db/sqlc/user.sql.go:145.35,147.3 1 0
github.com/moniesto/moniesto-be/db/sqlc/user.sql.go:158.89,160.16 2 0
github.com/moniesto/moniesto-be/db/sqlc/user.sql.go:163.2,165.18 3 0
github.com/moniesto/moniesto-be/db/sqlc/user.sql.go:172.2,172.37 1 0
github.com/moniesto/moniesto-be/db/sqlc/user.sql.go:175.2,175.35 1 0
github.com/moniesto/moniesto-be/db/sqlc/user.sql.go:178.2,178.19 1 0
github.com/moniesto/moniesto-be/db/sqlc/user.sql.go:160.16,162.3 1 0
github.com/moniesto/moniesto-be/db/sqlc/user.sql.go:165.18,167.43 2 0
github.com/moniesto/moniesto-be/db/sqlc/user.sql.go:170.3,170.31 1 0
github.com/moniesto/moniesto-be/db/sqlc/user.sql.go:167.43,169.4 1 0
github.com/moniesto/moniesto-be/db/sqlc/user.sql.go:172.37,174.3 1 0
github.com/moniesto/moniesto-be/db/sqlc/user.sql.go:175.35,177.3 1 0
github.com/moniesto/moniesto-be/db/sqlc/user.sql.go:187.83,192.2 4 0
github.com/moniesto/moniesto-be/db/sqlc/user.sql.go:264.96,283.2 4 0
github.com/moniesto/moniesto-be/db/sqlc/user.sql.go:351.91,370.2 4 0
github.com/moniesto/moniesto-be/db/sqlc/user.sql.go:442.105,461.2 4 0
github.com/moniesto/moniesto-be/db/sqlc/user.sql.go:474.81,477.2 2 0
github.com/moniesto/moniesto-be/db/sqlc/user_subscription.sql.go:32.115,44.2 4 0
github.com/moniesto/moniesto-be/db/sqlc/user_subscription.sql.go:59.109,71.2 4 0
github.com/moniesto/moniesto-be/db/sqlc/db.go:19.28,21.2 1 1
github.com/moniesto/moniesto-be/db/sqlc/db.go:27.47,31.2 1 0
github.com/moniesto/moniesto-be/db/sqlc/image.sql.go:32.84,51.2 4 0
github.com/moniesto/moniesto-be/db/sqlc/image.sql.go:64.105,69.2 4 0
github.com/moniesto/moniesto-be/db/sqlc/image.sql.go:83.105,85.16 2 0
github.com/moniesto/moniesto-be/db/sqlc/image.sql.go:88.2,90.18 3 0
github.com/moniesto/moniesto-be/db/sqlc/image.sql.go:97.2,97.37 1 0
github.com/moniesto/moniesto-be/db/sqlc/image.sql.go:100.2,100.35 1 0
github.com/moniesto/moniesto-be/db/sqlc/image.sql.go:103.2,103.19 1 0
github.com/moniesto/moniesto-be/db/sqlc/image.sql.go:85.16,87.3 1 0
github.com/moniesto/moniesto-be/db/sqlc/image.sql.go:90.18,92.71 2 0
github.com/moniesto/moniesto-be/db/sqlc/image.sql.go:95.3,95.27 1 0
github.com/moniesto/moniesto-be/db/sqlc/image.sql.go:92.71,94.4 1 0
github.com/moniesto/moniesto-be/db/sqlc/image.sql.go:97.37,99.3 1 0
github.com/moniesto/moniesto-be/db/sqlc/image.sql.go:100.35,102.3 1 0
github.com/moniesto/moniesto-be/db/sqlc/image.sql.go:117.99,122.2 4 0
github.com/moniesto/moniesto-be/db/sqlc/image.sql.go:138.110,151.2 4 0
github.com/moniesto/moniesto-be/db/sqlc/image.sql.go:167.104,180.2 4 0
github.com/moniesto/moniesto-be/api/account.go:16.51,20.49 2 1
github.com/moniesto/moniesto-be/api/account.go:26.2,27.16 2 1
github.com/moniesto/moniesto-be/api/account.go:33.2,39.16 2 1
github.com/moniesto/moniesto-be/api/account.go:45.2,50.30 3 1
github.com/moniesto/moniesto-be/api/account.go:20.49,23.3 2 1
github.com/moniesto/moniesto-be/api/account.go:27.16,30.3 2 1
github.com/moniesto/moniesto-be/api/account.go:39.16,42.3 2 0
github.com/moniesto/moniesto-be/api/account.go:53.54,57.49 2 1
github.com/moniesto/moniesto-be/api/account.go:63.2,64.16 2 1
github.com/moniesto/moniesto-be/api/account.go:70.2,78.23 5 1
github.com/moniesto/moniesto-be/api/account.go:57.49,60.3 2 1
github.com/moniesto/moniesto-be/api/account.go:64.16,67.3 2 1
github.com/moniesto/moniesto-be/api/account.go:81.55,87.16 3 1
github.com/moniesto/moniesto-be/api/account.go:93.2,95.30 2 1
github.com/moniesto/moniesto-be/api/account.go:87.16,90.3 2 1
github.com/moniesto/moniesto-be/api/middleware.go:18.64,19.32 1 1
github.com/moniesto/moniesto-be/api/middleware.go:19.32,22.36 2 1
github.com/moniesto/moniesto-be/api/middleware.go:26.3,27.29 2 1
github.com/moniesto/moniesto-be/api/middleware.go:22.36,25.4 2 1
github.com/moniesto/moniesto-be/api/middleware.go:31.61,32.32 1 1
github.com/moniesto/moniesto-be/api/middleware.go:32.32,35.36 2 1
github.com/moniesto/moniesto-be/api/middleware.go:40.3,41.22 2 1
github.com/moniesto/moniesto-be/api/middleware.go:46.3,47.51 2 1
github.com/moniesto/moniesto-be/api/middleware.go:52.3,54.17 3 1
github.com/moniesto/moniesto-be/api/middleware.go:59.3,60.13 2 1
github.com/moniesto/moniesto-be/api/middleware.go:35.36,38.4 2 1
github.com/moniesto/moniesto-be/api/middleware.go:41.22,44.4 2 1
github.com/moniesto/moniesto-be/api/middleware.go:47.51,50.4 2 1
github.com/moniesto/moniesto-be/api/middleware.go:54.17,57.4 2 1
github.com/moniesto/moniesto-be/api/moniests.go:5.56,5.57 0 0
github.com/moniesto/moniesto-be/api/password.go:14.56,18.15 2 1
github.com/moniesto/moniesto-be/api/password.go:18.15,22.3 2 1
github.com/moniesto/moniesto-be/api/password.go:22.8,25.3 2 0
github.com/moniesto/moniesto-be/api/password.go:28.32,30.2 1 0
github.com/moniesto/moniesto-be/api/password.go:32.20,34.2 1 0
github.com/moniesto/moniesto-be/api/password.go:36.82,40.49 2 1
github.com/moniesto/moniesto-be/api/password.go:46.2,47.16 2 1
github.com/moniesto/moniesto-be/api/password.go:53.2,54.16 2 1
github.com/moniesto/moniesto-be/api/password.go:60.2,61.16 2 1
github.com/moniesto/moniesto-be/api/password.go:67.2,68.16 2 1
github.com/moniesto/moniesto-be/api/password.go:73.2,73.36 1 1
github.com/moniesto/moniesto-be/api/password.go:40.49,43.3 2 0
github.com/moniesto/moniesto-be/api/password.go:47.16,50.3 2 1
github.com/moniesto/moniesto-be/api/password.go:54.16,57.3 2 1
github.com/moniesto/moniesto-be/api/password.go:61.16,64.3 2 1
github.com/moniesto/moniesto-be/api/password.go:68.16,71.3 2 0
github.com/moniesto/moniesto-be/api/server.go:22.81,24.16 2 1
github.com/moniesto/moniesto-be/api/server.go:28.2,35.20 3 1
github.com/moniesto/moniesto-be/api/server.go:24.16,26.3 1 0
github.com/moniesto/moniesto-be/api/server.go:38.37,43.2 3 1
github.com/moniesto/moniesto-be/api/server.go:54.2,58.49 4 1
github.com/moniesto/moniesto-be/api/server.go:62.2,62.24 1 1
github.com/moniesto/moniesto-be/api/server.go:43.2,51.3 5 1
github.com/moniesto/moniesto-be/api/server.go:58.49,60.3 1 0
github.com/moniesto/moniesto-be/api/server.go:66.51,68.2 1 0
