mode: set
github.com/moniesto/moniesto-be/token/jwt_maker.go:19.51,20.39 1 1
github.com/moniesto/moniesto-be/token/jwt_maker.go:24.2,24.34 1 1
github.com/moniesto/moniesto-be/token/jwt_maker.go:20.39,22.3 1 0
github.com/moniesto/moniesto-be/token/jwt_maker.go:28.93,30.16 2 1
github.com/moniesto/moniesto-be/token/jwt_maker.go:34.2,36.55 2 1
github.com/moniesto/moniesto-be/token/jwt_maker.go:30.16,32.3 1 0
github.com/moniesto/moniesto-be/token/jwt_maker.go:40.68,42.57 1 1
github.com/moniesto/moniesto-be/token/jwt_maker.go:50.2,51.16 2 1
github.com/moniesto/moniesto-be/token/jwt_maker.go:61.2,62.9 2 1
github.com/moniesto/moniesto-be/token/jwt_maker.go:66.2,66.21 1 1
github.com/moniesto/moniesto-be/token/jwt_maker.go:42.57,44.10 2 1
github.com/moniesto/moniesto-be/token/jwt_maker.go:47.3,47.38 1 1
github.com/moniesto/moniesto-be/token/jwt_maker.go:44.10,46.4 1 1
github.com/moniesto/moniesto-be/token/jwt_maker.go:51.16,54.51 2 1
github.com/moniesto/moniesto-be/token/jwt_maker.go:58.3,58.30 1 1
github.com/moniesto/moniesto-be/token/jwt_maker.go:54.51,56.4 1 1
github.com/moniesto/moniesto-be/token/jwt_maker.go:62.9,64.3 1 0
github.com/moniesto/moniesto-be/token/payload.go:25.76,28.16 2 1
github.com/moniesto/moniesto-be/token/payload.go:32.2,39.21 2 1
github.com/moniesto/moniesto-be/token/payload.go:28.16,30.3 1 0
github.com/moniesto/moniesto-be/token/payload.go:43.39,44.41 1 1
github.com/moniesto/moniesto-be/token/payload.go:48.2,48.12 1 1
github.com/moniesto/moniesto-be/token/payload.go:44.41,46.3 1 1
github.com/moniesto/moniesto-be/service/account.go:16.126,18.16 2 0
github.com/moniesto/moniesto-be/service/account.go:21.2,24.16 3 0
github.com/moniesto/moniesto-be/service/account.go:28.2,29.16 2 0
github.com/moniesto/moniesto-be/service/account.go:34.2,35.16 2 0
github.com/moniesto/moniesto-be/service/account.go:39.2,39.17 1 0
github.com/moniesto/moniesto-be/service/account.go:44.2,45.16 2 0
github.com/moniesto/moniesto-be/service/account.go:49.2,49.20 1 0
github.com/moniesto/moniesto-be/service/account.go:54.2,55.16 2 0
github.com/moniesto/moniesto-be/service/account.go:59.2,69.16 3 0
github.com/moniesto/moniesto-be/service/account.go:74.2,74.8 1 0
github.com/moniesto/moniesto-be/service/account.go:18.16,20.3 1 0
github.com/moniesto/moniesto-be/service/account.go:24.16,26.3 1 0
github.com/moniesto/moniesto-be/service/account.go:29.16,31.3 1 0
github.com/moniesto/moniesto-be/service/account.go:35.16,38.3 2 0
github.com/moniesto/moniesto-be/service/account.go:39.17,41.3 1 0
github.com/moniesto/moniesto-be/service/account.go:45.16,48.3 2 0
github.com/moniesto/moniesto-be/service/account.go:49.20,51.3 1 0
github.com/moniesto/moniesto-be/service/account.go:55.16,57.3 1 0
github.com/moniesto/moniesto-be/service/account.go:69.16,72.3 2 0
github.com/moniesto/moniesto-be/service/account.go:78.131,83.16 3 0
github.com/moniesto/moniesto-be/service/account.go:92.2,95.23 2 0
github.com/moniesto/moniesto-be/service/account.go:116.2,117.16 2 0
github.com/moniesto/moniesto-be/service/account.go:122.2,124.25 2 0
github.com/moniesto/moniesto-be/service/account.go:83.16,86.17 2 0
github.com/moniesto/moniesto-be/service/account.go:89.3,89.28 1 0
github.com/moniesto/moniesto-be/service/account.go:86.17,88.4 1 0
github.com/moniesto/moniesto-be/service/account.go:95.23,98.17 2 0
github.com/moniesto/moniesto-be/service/account.go:98.17,101.4 2 0
github.com/moniesto/moniesto-be/service/account.go:103.8,106.17 2 0
github.com/moniesto/moniesto-be/service/account.go:112.3,112.39 1 0
github.com/moniesto/moniesto-be/service/account.go:106.17,109.4 2 0
github.com/moniesto/moniesto-be/service/account.go:117.16,120.3 2 0
github.com/moniesto/moniesto-be/service/account.go:127.76,130.16 2 0
github.com/moniesto/moniesto-be/service/account.go:130.16,132.3 1 0
github.com/moniesto/moniesto-be/service/service.go:10.52,16.2 2 0
github.com/moniesto/moniesto-be/db/sqlc/post_crypto.sql.go:48.93,79.2 4 0
github.com/moniesto/moniesto-be/db/sqlc/post_crypto.sql.go:89.82,109.2 4 0
github.com/moniesto/moniesto-be/db/sqlc/post_crypto.sql.go:137.93,164.2 4 0
github.com/moniesto/moniesto-be/db/sqlc/post_crypto_description.sql.go:32.120,43.2 4 0
github.com/moniesto/moniesto-be/db/sqlc/post_crypto_description.sql.go:58.118,69.2 4 0
github.com/moniesto/moniesto-be/db/sqlc/store.go:14.34,19.2 1 0
github.com/moniesto/moniesto-be/db/sqlc/user.sql.go:20.79,25.2 4 0
github.com/moniesto/moniesto-be/db/sqlc/user.sql.go:33.85,38.2 4 0
github.com/moniesto/moniesto-be/db/sqlc/user.sql.go:64.87,90.2 4 0
github.com/moniesto/moniesto-be/db/sqlc/user.sql.go:100.76,119.2 4 0
github.com/moniesto/moniesto-be/db/sqlc/user.sql.go:128.87,130.16 2 0
github.com/moniesto/moniesto-be/db/sqlc/user.sql.go:133.2,135.18 3 0
github.com/moniesto/moniesto-be/db/sqlc/user.sql.go:142.2,142.37 1 0
github.com/moniesto/moniesto-be/db/sqlc/user.sql.go:145.2,145.35 1 0
github.com/moniesto/moniesto-be/db/sqlc/user.sql.go:148.2,148.19 1 0
github.com/moniesto/moniesto-be/db/sqlc/user.sql.go:130.16,132.3 1 0
github.com/moniesto/moniesto-be/db/sqlc/user.sql.go:135.18,137.43 2 0
github.com/moniesto/moniesto-be/db/sqlc/user.sql.go:140.3,140.31 1 0
github.com/moniesto/moniesto-be/db/sqlc/user.sql.go:137.43,139.4 1 0
github.com/moniesto/moniesto-be/db/sqlc/user.sql.go:142.37,144.3 1 0
github.com/moniesto/moniesto-be/db/sqlc/user.sql.go:145.35,147.3 1 0
github.com/moniesto/moniesto-be/db/sqlc/user.sql.go:158.89,160.16 2 0
github.com/moniesto/moniesto-be/db/sqlc/user.sql.go:163.2,165.18 3 0
github.com/moniesto/moniesto-be/db/sqlc/user.sql.go:172.2,172.37 1 0
github.com/moniesto/moniesto-be/db/sqlc/user.sql.go:175.2,175.35 1 0
github.com/moniesto/moniesto-be/db/sqlc/user.sql.go:178.2,178.19 1 0
github.com/moniesto/moniesto-be/db/sqlc/user.sql.go:160.16,162.3 1 0
github.com/moniesto/moniesto-be/db/sqlc/user.sql.go:165.18,167.43 2 0
github.com/moniesto/moniesto-be/db/sqlc/user.sql.go:170.3,170.31 1 0
github.com/moniesto/moniesto-be/db/sqlc/user.sql.go:167.43,169.4 1 0
github.com/moniesto/moniesto-be/db/sqlc/user.sql.go:172.37,174.3 1 0
github.com/moniesto/moniesto-be/db/sqlc/user.sql.go:175.35,177.3 1 0
github.com/moniesto/moniesto-be/db/sqlc/user.sql.go:251.96,270.2 4 0
github.com/moniesto/moniesto-be/db/sqlc/user.sql.go:338.91,357.2 4 0
github.com/moniesto/moniesto-be/db/sqlc/user.sql.go:429.105,448.2 4 0
github.com/moniesto/moniesto-be/db/sqlc/user.sql.go:462.89,481.2 4 0
github.com/moniesto/moniesto-be/db/sqlc/db.go:19.28,21.2 1 1
github.com/moniesto/moniesto-be/db/sqlc/db.go:27.47,31.2 1 0
github.com/moniesto/moniesto-be/db/sqlc/models.go:21.53,22.25 1 0
github.com/moniesto/moniesto-be/db/sqlc/models.go:30.2,30.12 1 0
github.com/moniesto/moniesto-be/db/sqlc/models.go:23.14,24.24 1 0
github.com/moniesto/moniesto-be/db/sqlc/models.go:25.14,26.24 1 0
github.com/moniesto/moniesto-be/db/sqlc/models.go:27.10,28.72 1 0
github.com/moniesto/moniesto-be/db/sqlc/models.go:39.60,40.18 1 0
github.com/moniesto/moniesto-be/db/sqlc/models.go:44.2,45.37 2 0
github.com/moniesto/moniesto-be/db/sqlc/models.go:40.18,43.3 2 0
github.com/moniesto/moniesto-be/db/sqlc/models.go:49.59,50.15 1 0
github.com/moniesto/moniesto-be/db/sqlc/models.go:53.2,53.30 1 0
github.com/moniesto/moniesto-be/db/sqlc/models.go:50.15,52.3 1 0
github.com/moniesto/moniesto-be/db/sqlc/models.go:63.49,64.25 1 0
github.com/moniesto/moniesto-be/db/sqlc/models.go:72.2,72.12 1 0
github.com/moniesto/moniesto-be/db/sqlc/models.go:65.14,66.20 1 0
github.com/moniesto/moniesto-be/db/sqlc/models.go:67.14,68.20 1 0
github.com/moniesto/moniesto-be/db/sqlc/models.go:69.10,70.68 1 0
github.com/moniesto/moniesto-be/db/sqlc/models.go:81.56,82.18 1 0
github.com/moniesto/moniesto-be/db/sqlc/models.go:86.2,87.33 2 0
github.com/moniesto/moniesto-be/db/sqlc/models.go:82.18,85.3 2 0
github.com/moniesto/moniesto-be/db/sqlc/models.go:91.55,92.15 1 0
github.com/moniesto/moniesto-be/db/sqlc/models.go:95.2,95.26 1 0
github.com/moniesto/moniesto-be/db/sqlc/models.go:92.15,94.3 1 0
github.com/moniesto/moniesto-be/db/sqlc/moniest.sql.go:33.96,52.2 4 0
github.com/moniesto/moniesto-be/db/sqlc/moniest.sql.go:62.82,76.2 4 0
github.com/moniesto/moniesto-be/db/sqlc/moniest.sql.go:157.102,180.2 4 0
github.com/moniesto/moniesto-be/db/sqlc/moniest.sql.go:261.107,284.2 4 0
github.com/moniesto/moniesto-be/db/sqlc/moniest.sql.go:361.105,384.2 4 0
github.com/moniesto/moniesto-be/db/sqlc/moniest.sql.go:465.111,488.2 4 0
github.com/moniesto/moniesto-be/db/sqlc/moniest.sql.go:503.102,517.2 4 0
github.com/moniesto/moniesto-be/db/sqlc/moniest.sql.go:532.118,546.2 4 0
github.com/moniesto/moniesto-be/db/sqlc/subscription_info.sql.go:33.123,51.2 4 0
github.com/moniesto/moniesto-be/db/sqlc/subscription_info.sql.go:61.107,74.2 4 0
github.com/moniesto/moniesto-be/db/sqlc/subscription_info.sql.go:90.132,95.2 4 0
github.com/moniesto/moniesto-be/db/sqlc/subscription_info.sql.go:110.97,123.2 4 0
github.com/moniesto/moniesto-be/db/sqlc/subscription_info.sql.go:138.105,151.2 4 0
github.com/moniesto/moniesto-be/db/sqlc/user_subscription.sql.go:32.115,44.2 4 0
github.com/moniesto/moniesto-be/db/sqlc/user_subscription.sql.go:59.109,71.2 4 0
github.com/moniesto/moniesto-be/db/sqlc/image.sql.go:32.84,51.2 4 0
github.com/moniesto/moniesto-be/db/sqlc/image.sql.go:64.105,69.2 4 0
github.com/moniesto/moniesto-be/db/sqlc/image.sql.go:83.105,85.16 2 0
github.com/moniesto/moniesto-be/db/sqlc/image.sql.go:88.2,90.18 3 0
github.com/moniesto/moniesto-be/db/sqlc/image.sql.go:97.2,97.37 1 0
github.com/moniesto/moniesto-be/db/sqlc/image.sql.go:100.2,100.35 1 0
github.com/moniesto/moniesto-be/db/sqlc/image.sql.go:103.2,103.19 1 0
github.com/moniesto/moniesto-be/db/sqlc/image.sql.go:85.16,87.3 1 0
github.com/moniesto/moniesto-be/db/sqlc/image.sql.go:90.18,92.71 2 0
github.com/moniesto/moniesto-be/db/sqlc/image.sql.go:95.3,95.27 1 0
github.com/moniesto/moniesto-be/db/sqlc/image.sql.go:92.71,94.4 1 0
github.com/moniesto/moniesto-be/db/sqlc/image.sql.go:97.37,99.3 1 0
github.com/moniesto/moniesto-be/db/sqlc/image.sql.go:100.35,102.3 1 0
github.com/moniesto/moniesto-be/db/sqlc/image.sql.go:117.99,122.2 4 0
github.com/moniesto/moniesto-be/db/sqlc/image.sql.go:138.110,151.2 4 0
github.com/moniesto/moniesto-be/db/sqlc/image.sql.go:167.104,180.2 4 0
github.com/moniesto/moniesto-be/db/sqlc/login.sql.go:95.100,119.2 4 0
github.com/moniesto/moniesto-be/db/sqlc/login.sql.go:202.109,226.2 4 0
github.com/moniesto/moniesto-be/db/sqlc/login.sql.go:236.82,255.2 4 0
github.com/moniesto/moniesto-be/util/config.go:23.57,31.16 6 0
github.com/moniesto/moniesto-be/util/config.go:35.2,36.8 2 0
github.com/moniesto/moniesto-be/util/config.go:31.16,33.3 1 0
github.com/moniesto/moniesto-be/util/core.go:7.24,11.2 2 0
github.com/moniesto/moniesto-be/util/password.go:10.52,13.16 2 1
github.com/moniesto/moniesto-be/util/password.go:17.2,17.36 1 1
github.com/moniesto/moniesto-be/util/password.go:13.16,15.3 1 0
github.com/moniesto/moniesto-be/util/password.go:21.58,23.2 1 1
github.com/moniesto/moniesto-be/util/random.go:11.13,13.2 1 1
github.com/moniesto/moniesto-be/util/random.go:16.33,20.25 3 1
github.com/moniesto/moniesto-be/util/random.go:25.2,25.20 1 1
github.com/moniesto/moniesto-be/util/random.go:20.25,23.3 2 1
github.com/moniesto/moniesto-be/util/random.go:28.27,30.2 1 0
github.com/moniesto/moniesto-be/util/random.go:32.30,34.2 1 0
github.com/moniesto/moniesto-be/util/random.go:36.30,38.2 1 0
github.com/moniesto/moniesto-be/util/random.go:40.26,42.2 1 0
github.com/moniesto/moniesto-be/util/random.go:44.29,46.2 1 0
github.com/moniesto/moniesto-be/api/account.go:14.51,18.49 2 1
github.com/moniesto/moniesto-be/api/account.go:24.2,25.16 2 1
github.com/moniesto/moniesto-be/api/account.go:31.2,32.16 2 1
github.com/moniesto/moniesto-be/api/account.go:38.2,43.30 3 1
github.com/moniesto/moniesto-be/api/account.go:18.49,21.3 2 1
github.com/moniesto/moniesto-be/api/account.go:25.16,28.3 2 1
github.com/moniesto/moniesto-be/api/account.go:32.16,35.3 2 0
github.com/moniesto/moniesto-be/api/account.go:46.54,50.49 2 1
github.com/moniesto/moniesto-be/api/account.go:56.2,57.16 2 1
github.com/moniesto/moniesto-be/api/account.go:63.2,71.23 5 1
github.com/moniesto/moniesto-be/api/account.go:50.49,53.3 2 1
github.com/moniesto/moniesto-be/api/account.go:57.16,60.3 2 1
github.com/moniesto/moniesto-be/api/middleware.go:17.61,18.32 1 1
github.com/moniesto/moniesto-be/api/middleware.go:18.32,21.36 2 1
github.com/moniesto/moniesto-be/api/middleware.go:26.3,27.22 2 1
github.com/moniesto/moniesto-be/api/middleware.go:32.3,33.51 2 1
github.com/moniesto/moniesto-be/api/middleware.go:38.3,40.17 3 1
github.com/moniesto/moniesto-be/api/middleware.go:45.3,46.13 2 1
github.com/moniesto/moniesto-be/api/middleware.go:21.36,24.4 2 1
github.com/moniesto/moniesto-be/api/middleware.go:27.22,30.4 2 1
github.com/moniesto/moniesto-be/api/middleware.go:33.51,36.4 2 1
github.com/moniesto/moniesto-be/api/middleware.go:40.17,43.4 2 1
github.com/moniesto/moniesto-be/api/server.go:22.79,24.16 2 1
github.com/moniesto/moniesto-be/api/server.go:28.2,35.20 3 1
github.com/moniesto/moniesto-be/api/server.go:24.16,26.3 1 0
github.com/moniesto/moniesto-be/api/server.go:38.37,49.49 6 1
github.com/moniesto/moniesto-be/api/server.go:53.2,53.24 1 1
github.com/moniesto/moniesto-be/api/server.go:49.49,51.3 1 0
github.com/moniesto/moniesto-be/api/server.go:57.51,59.2 1 0
